CRITICAL - 2023-02-23 08:57:38 --> Call to undefined function App\Modules\Addon\Models\curl_init()
#0 /var/www/html/nftbox/nftbox-backup/app/Modules/Addon/Models/Addons_model.php(126): App\Modules\Addon\Models\Addons_model->send_curl_request()
#1 /var/www/html/nftbox/nftbox-backup/app/Modules/Addon/Controllers/Theme.php(21): App\Modules\Addon\Models\Addons_model->search_available_themes()
#2 /var/www/html/nftbox/nftbox-backup/system/CodeIgniter.php(926): App\Modules\Addon\Controllers\Theme->index()
#3 /var/www/html/nftbox/nftbox-backup/system/CodeIgniter.php(412): CodeIgniter\CodeIgniter->runController()
#4 /var/www/html/nftbox/nftbox-backup/system/CodeIgniter.php(320): CodeIgniter\CodeIgniter->handleRequest()
#5 /var/www/html/nftbox/nftbox-backup/index.php(64): CodeIgniter\CodeIgniter->run()
#6 {main}
CRITICAL - 2023-02-23 08:58:22 --> Call to undefined function App\Modules\Addon\Models\curl_init()
#0 /var/www/html/nftbox/nftbox-backup/app/Modules/Addon/Models/Addons_model.php(126): App\Modules\Addon\Models\Addons_model->send_curl_request()
#1 /var/www/html/nftbox/nftbox-backup/app/Modules/Addon/Controllers/Theme.php(21): App\Modules\Addon\Models\Addons_model->search_available_themes()
#2 /var/www/html/nftbox/nftbox-backup/system/CodeIgniter.php(926): App\Modules\Addon\Controllers\Theme->index()
#3 /var/www/html/nftbox/nftbox-backup/system/CodeIgniter.php(412): CodeIgniter\CodeIgniter->runController()
#4 /var/www/html/nftbox/nftbox-backup/system/CodeIgniter.php(320): CodeIgniter\CodeIgniter->handleRequest()
#5 /var/www/html/nftbox/nftbox-backup/index.php(64): CodeIgniter\CodeIgniter->run()
#6 {main}
CRITICAL - 2023-02-23 08:58:24 --> Call to undefined function App\Modules\Addon\Models\curl_init()
#0 /var/www/html/nftbox/nftbox-backup/app/Modules/Addon/Models/Addons_model.php(126): App\Modules\Addon\Models\Addons_model->send_curl_request()
#1 /var/www/html/nftbox/nftbox-backup/app/Modules/Addon/Controllers/Theme.php(21): App\Modules\Addon\Models\Addons_model->search_available_themes()
#2 /var/www/html/nftbox/nftbox-backup/system/CodeIgniter.php(926): App\Modules\Addon\Controllers\Theme->index()
#3 /var/www/html/nftbox/nftbox-backup/system/CodeIgniter.php(412): CodeIgniter\CodeIgniter->runController()
#4 /var/www/html/nftbox/nftbox-backup/system/CodeIgniter.php(320): CodeIgniter\CodeIgniter->handleRequest()
#5 /var/www/html/nftbox/nftbox-backup/index.php(64): CodeIgniter\CodeIgniter->run()
#6 {main}
CRITICAL - 2023-02-23 08:58:36 --> Call to undefined function App\Modules\Addon\Models\curl_init()
#0 /var/www/html/nftbox/nftbox-backup/app/Modules/Addon/Models/Addons_model.php(126): App\Modules\Addon\Models\Addons_model->send_curl_request()
#1 /var/www/html/nftbox/nftbox-backup/app/Modules/Addon/Controllers/Theme.php(21): App\Modules\Addon\Models\Addons_model->search_available_themes()
#2 /var/www/html/nftbox/nftbox-backup/system/CodeIgniter.php(926): App\Modules\Addon\Controllers\Theme->index()
#3 /var/www/html/nftbox/nftbox-backup/system/CodeIgniter.php(412): CodeIgniter\CodeIgniter->runController()
#4 /var/www/html/nftbox/nftbox-backup/system/CodeIgniter.php(320): CodeIgniter\CodeIgniter->handleRequest()
#5 /var/www/html/nftbox/nftbox-backup/index.php(64): CodeIgniter\CodeIgniter->run()
#6 {main}
CRITICAL - 2023-02-23 08:58:38 --> Call to undefined function App\Modules\Addon\Models\curl_init()
#0 /var/www/html/nftbox/nftbox-backup/app/Modules/Addon/Models/Addons_model.php(126): App\Modules\Addon\Models\Addons_model->send_curl_request()
#1 /var/www/html/nftbox/nftbox-backup/app/Modules/Addon/Controllers/Theme.php(21): App\Modules\Addon\Models\Addons_model->search_available_themes()
#2 /var/www/html/nftbox/nftbox-backup/system/CodeIgniter.php(926): App\Modules\Addon\Controllers\Theme->index()
#3 /var/www/html/nftbox/nftbox-backup/system/CodeIgniter.php(412): CodeIgniter\CodeIgniter->runController()
#4 /var/www/html/nftbox/nftbox-backup/system/CodeIgniter.php(320): CodeIgniter\CodeIgniter->handleRequest()
#5 /var/www/html/nftbox/nftbox-backup/index.php(64): CodeIgniter\CodeIgniter->run()
#6 {main}
CRITICAL - 2023-02-23 08:59:36 --> Call to undefined function App\Modules\Addon\Models\curl_init()
#0 /var/www/html/nftbox/nftbox-backup/app/Modules/Addon/Models/Addons_model.php(126): App\Modules\Addon\Models\Addons_model->send_curl_request()
#1 /var/www/html/nftbox/nftbox-backup/app/Modules/Addon/Controllers/Theme.php(21): App\Modules\Addon\Models\Addons_model->search_available_themes()
#2 /var/www/html/nftbox/nftbox-backup/system/CodeIgniter.php(926): App\Modules\Addon\Controllers\Theme->index()
#3 /var/www/html/nftbox/nftbox-backup/system/CodeIgniter.php(412): CodeIgniter\CodeIgniter->runController()
#4 /var/www/html/nftbox/nftbox-backup/system/CodeIgniter.php(320): CodeIgniter\CodeIgniter->handleRequest()
#5 /var/www/html/nftbox/nftbox-backup/index.php(64): CodeIgniter\CodeIgniter->run()
#6 {main}
CRITICAL - 2023-02-23 09:00:28 --> Call to undefined function App\Modules\Addon\Models\curl_init()
#0 /var/www/html/nftbox/nftbox-backup/app/Modules/Addon/Models/Addons_model.php(126): App\Modules\Addon\Models\Addons_model->send_curl_request()
#1 /var/www/html/nftbox/nftbox-backup/app/Modules/Addon/Controllers/Theme.php(21): App\Modules\Addon\Models\Addons_model->search_available_themes()
#2 /var/www/html/nftbox/nftbox-backup/system/CodeIgniter.php(926): App\Modules\Addon\Controllers\Theme->index()
#3 /var/www/html/nftbox/nftbox-backup/system/CodeIgniter.php(412): CodeIgniter\CodeIgniter->runController()
#4 /var/www/html/nftbox/nftbox-backup/system/CodeIgniter.php(320): CodeIgniter\CodeIgniter->handleRequest()
#5 /var/www/html/nftbox/nftbox-backup/index.php(64): CodeIgniter\CodeIgniter->run()
#6 {main}
